<?xml version="1.0" encoding="UTF-8"?>
<testsuite xmlns:xsi="http://www.w3.org/2001/XMLSchema-instance" xsi:noNamespaceSchemaLocation="https://maven.apache.org/surefire/maven-surefire-plugin/xsd/surefire-test-report.xsd" version="3.0.2" name="com.quanxiaoha.ai.robot.JacksonConfigVerificationTest" time="0.524" tests="1" errors="0" skipped="0" failures="0" flakes="0">
  <properties>
[...]
</properties>
  <testcase name="autoConfiguredMapperIsTheCustomizedOne" classname="com.quanxiaoha.ai.robot.JacksonConfigVerificationTest" time="0.514">
    <system-out><![CDATA[自动装配的 ObjectMapper 序列化 LocalDateTime => "2026-08-19 16:30:00"
]]></system-out>
  </testcase>
</testsuite>